Nov 05, 2024 8:51:30 PM seedu.budgetbuddy.Storage <init>
INFO: Storing ./data/BudgetBuddy.txt
Nov 05, 2024 8:51:30 PM seedu.budgetbuddy.transaction.budget.BudgetManager addBudget
INFO: Added budget: Total Monthly Budget: 3200.0  Date: 2024-11  Category: {FOOD=200.0, ENTERTAINMENT=3000.0}
Nov 05, 2024 8:51:30 PM seedu.budgetbuddy.transaction.budget.BudgetManager addBudget
INFO: Added budget: Total Monthly Budget: 2400.0  Date: 2024-10  Category: {TRANSPORT=1200.0, ENTERTAINMENT=1200.0}
Nov 05, 2024 8:51:30 PM seedu.budgetbuddy.transaction.budget.BudgetManager addBudget
INFO: Added budget: Total Monthly Budget: 2550.0  Date: 2024-08  Category: {FOOD=750.0, OTHERS=1800.0}
Nov 05, 2024 8:51:30 PM seedu.budgetbuddy.transaction.budget.BudgetManager addBudget
INFO: Added budget: Total Monthly Budget: 3200.0  Date: 2024-11  Category: {FOOD=200.0, ENTERTAINMENT=3000.0}
Nov 05, 2024 8:51:30 PM seedu.budgetbuddy.transaction.budget.BudgetManager addBudget
INFO: Added budget: Total Monthly Budget: 2400.0  Date: 2024-10  Category: {TRANSPORT=1200.0, ENTERTAINMENT=1200.0}
Nov 05, 2024 8:51:30 PM seedu.budgetbuddy.transaction.budget.BudgetManager addBudget
INFO: Added budget: Total Monthly Budget: 2550.0  Date: 2024-08  Category: {FOOD=750.0, OTHERS=1800.0}
Nov 05, 2024 8:51:30 PM seedu.budgetbuddy.transaction.budget.BudgetManager addBudget
INFO: Added budget: Total Monthly Budget: 1700.0  Date: 2024-07  Category: {OTHERS=1700.0}
Nov 05, 2024 8:51:30 PM seedu.budgetbuddy.transaction.budget.BudgetManager addBudget
INFO: Added budget: Total Monthly Budget: 3900.0  Date: 2024-05  Category: {FOOD=1300.0, ENTERTAINMENT=1300.0, OTHERS=1300.0}
Nov 05, 2024 8:51:30 PM seedu.budgetbuddy.transaction.budget.BudgetManager addBudget
INFO: Added budget: Total Monthly Budget: 1300.0  Date: 2023-08  Category: {UTILITIES=700.0, OTHERS=600.0}
Nov 05, 2024 8:51:30 PM seedu.budgetbuddy.transaction.budget.BudgetManager addBudget
INFO: Added budget: Total Monthly Budget: 1700.0  Date: 2023-02  Category: {FOOD=1000.0, OTHERS=700.0}
Nov 05, 2024 8:51:30 PM seedu.budgetbuddy.transaction.budget.BudgetManager addBudget
INFO: Added budget: Total Monthly Budget: 3900.0  Date: 2024-05  Category: {FOOD=1300.0, ENTERTAINMENT=1300.0, OTHERS=1300.0}
Nov 05, 2024 8:51:30 PM seedu.budgetbuddy.transaction.budget.BudgetManager addBudget
INFO: Added budget: Total Monthly Budget: 1300.0  Date: 2023-08  Category: {UTILITIES=700.0, OTHERS=600.0}
Nov 05, 2024 8:51:30 PM seedu.budgetbuddy.transaction.budget.BudgetManager addBudget
INFO: Added budget: Total Monthly Budget: 1700.0  Date: 2023-02  Category: {FOOD=1000.0, OTHERS=700.0}
Nov 05, 2024 8:51:30 PM seedu.budgetbuddy.Storage load
INFO: Data loaded successfully. Expenses: 0, Incomes: 0, Budgets: 0
Nov 05, 2024 8:51:42 PM seedu.budgetbuddy.Storage save
INFO: Saving data to file: ./data/BudgetBuddy.txt
Nov 05, 2024 8:51:47 PM seedu.budgetbuddy.Storage save
INFO: Saving data to file: ./data/BudgetBuddy.txt
Nov 05, 2024 8:51:58 PM seedu.budgetbuddy.Storage save
INFO: Saving data to file: ./data/BudgetBuddy.txt
Nov 05, 2024 8:52:21 PM seedu.budgetbuddy.commands.expense.EditExpenseCommand execute
INFO: Successfully retrieve edit fields
Nov 05, 2024 8:52:21 PM seedu.budgetbuddy.commands.expense.EditExpenseCommand execute
INFO: Successfully edit expense
Nov 05, 2024 8:52:21 PM seedu.budgetbuddy.Storage save
INFO: Saving data to file: ./data/BudgetBuddy.txt
Nov 05, 2024 8:52:34 PM seedu.budgetbuddy.commands.expense.ListExpenseCommand execute
INFO: Displaying expenses listed with no Filter
Nov 05, 2024 8:52:34 PM seedu.budgetbuddy.transaction.expense.ExpenseManager listExpenses
INFO: Listing 14 expenses
Nov 05, 2024 8:52:34 PM seedu.budgetbuddy.Storage save
INFO: Saving data to file: ./data/BudgetBuddy.txt
Nov 05, 2024 8:58:56 PM seedu.budgetbuddy.Storage <init>
INFO: Storing ./data/BudgetBuddy.txt
Nov 05, 2024 8:58:56 PM seedu.budgetbuddy.transaction.budget.BudgetManager addBudget
INFO: Added budget: Total Monthly Budget: 3200.0  Date: 2024-11  Category: {FOOD=200.0, ENTERTAINMENT=3000.0}
Nov 05, 2024 8:58:56 PM seedu.budgetbuddy.transaction.budget.BudgetManager addBudget
INFO: Added budget: Total Monthly Budget: 2400.0  Date: 2024-10  Category: {TRANSPORT=1200.0, ENTERTAINMENT=1200.0}
Nov 05, 2024 8:58:56 PM seedu.budgetbuddy.transaction.budget.BudgetManager addBudget
INFO: Added budget: Total Monthly Budget: 2550.0  Date: 2024-08  Category: {FOOD=750.0, OTHERS=1800.0}
Nov 05, 2024 8:58:56 PM seedu.budgetbuddy.transaction.budget.BudgetManager addBudget
INFO: Added budget: Total Monthly Budget: 3200.0  Date: 2024-11  Category: {FOOD=200.0, ENTERTAINMENT=3000.0}
Nov 05, 2024 8:58:56 PM seedu.budgetbuddy.transaction.budget.BudgetManager addBudget
INFO: Added budget: Total Monthly Budget: 2400.0  Date: 2024-10  Category: {TRANSPORT=1200.0, ENTERTAINMENT=1200.0}
Nov 05, 2024 8:58:56 PM seedu.budgetbuddy.transaction.budget.BudgetManager addBudget
INFO: Added budget: Total Monthly Budget: 2550.0  Date: 2024-08  Category: {FOOD=750.0, OTHERS=1800.0}
Nov 05, 2024 8:58:56 PM seedu.budgetbuddy.transaction.budget.BudgetManager addBudget
INFO: Added budget: Total Monthly Budget: 1700.0  Date: 2024-07  Category: {OTHERS=1700.0}
Nov 05, 2024 8:58:56 PM seedu.budgetbuddy.transaction.budget.BudgetManager addBudget
INFO: Added budget: Total Monthly Budget: 3900.0  Date: 2024-05  Category: {FOOD=1300.0, ENTERTAINMENT=1300.0, OTHERS=1300.0}
Nov 05, 2024 8:58:56 PM seedu.budgetbuddy.transaction.budget.BudgetManager addBudget
INFO: Added budget: Total Monthly Budget: 1300.0  Date: 2023-08  Category: {UTILITIES=700.0, OTHERS=600.0}
Nov 05, 2024 8:58:56 PM seedu.budgetbuddy.transaction.budget.BudgetManager addBudget
INFO: Added budget: Total Monthly Budget: 1700.0  Date: 2023-02  Category: {FOOD=1000.0, OTHERS=700.0}
Nov 05, 2024 8:58:56 PM seedu.budgetbuddy.transaction.budget.BudgetManager addBudget
INFO: Added budget: Total Monthly Budget: 3900.0  Date: 2024-05  Category: {FOOD=1300.0, ENTERTAINMENT=1300.0, OTHERS=1300.0}
Nov 05, 2024 8:58:56 PM seedu.budgetbuddy.transaction.budget.BudgetManager addBudget
INFO: Added budget: Total Monthly Budget: 1300.0  Date: 2023-08  Category: {UTILITIES=700.0, OTHERS=600.0}
Nov 05, 2024 8:58:56 PM seedu.budgetbuddy.transaction.budget.BudgetManager addBudget
INFO: Added budget: Total Monthly Budget: 1700.0  Date: 2023-02  Category: {FOOD=1000.0, OTHERS=700.0}
Nov 05, 2024 8:58:56 PM seedu.budgetbuddy.Storage load
INFO: Data loaded successfully. Expenses: 0, Incomes: 0, Budgets: 0
Nov 05, 2024 8:59:02 PM seedu.budgetbuddy.transaction.income.IncomeManager listIncomes
INFO: Listing 7 incomes
Nov 05, 2024 8:59:02 PM seedu.budgetbuddy.Storage save
INFO: Saving data to file: ./data/BudgetBuddy.txt
Nov 05, 2024 8:59:05 PM seedu.budgetbuddy.Storage save
INFO: Saving data to file: ./data/BudgetBuddy.txt
Nov 05, 2024 8:59:09 PM seedu.budgetbuddy.Storage save
INFO: Saving data to file: ./data/BudgetBuddy.txt
Nov 05, 2024 8:59:12 PM seedu.budgetbuddy.Storage save
INFO: Saving data to file: ./data/BudgetBuddy.txt
Nov 05, 2024 8:59:37 PM seedu.budgetbuddy.commands.income.EditIncomeCommand execute
INFO: Successfully retrieve edit fields
Nov 05, 2024 8:59:37 PM seedu.budgetbuddy.commands.income.EditIncomeCommand execute
INFO: Successfully edit income
Nov 05, 2024 8:59:37 PM seedu.budgetbuddy.Storage save
INFO: Saving data to file: ./data/BudgetBuddy.txt
Nov 05, 2024 8:59:41 PM seedu.budgetbuddy.transaction.income.IncomeManager listIncomes
INFO: Listing 7 incomes
Nov 05, 2024 8:59:41 PM seedu.budgetbuddy.Storage save
INFO: Saving data to file: ./data/BudgetBuddy.txt
Nov 05, 2024 9:00:32 PM seedu.budgetbuddy.commands.income.EditIncomeCommand execute
INFO: Successfully retrieve edit fields
Nov 05, 2024 9:00:32 PM seedu.budgetbuddy.commands.income.EditIncomeCommand execute
INFO: Successfully edit income
Nov 05, 2024 9:00:32 PM seedu.budgetbuddy.Storage save
INFO: Saving data to file: ./data/BudgetBuddy.txt
Nov 05, 2024 9:07:23 PM seedu.budgetbuddy.commands.expense.ListExpenseCommand execute
INFO: Displaying expenses listed with Category: OTHERS
Nov 05, 2024 9:07:23 PM seedu.budgetbuddy.Storage save
INFO: Saving data to file: ./data/BudgetBuddy.txt
Nov 05, 2024 9:07:52 PM seedu.budgetbuddy.Storage <init>
INFO: Storing ./data/BudgetBuddy.txt
Nov 05, 2024 9:07:52 PM seedu.budgetbuddy.transaction.budget.BudgetManager addBudget
INFO: Added budget: Total Monthly Budget: 3200.0  Date: 2024-11  Category: {FOOD=200.0, ENTERTAINMENT=3000.0}
Nov 05, 2024 9:07:52 PM seedu.budgetbuddy.transaction.budget.BudgetManager addBudget
INFO: Added budget: Total Monthly Budget: 2400.0  Date: 2024-10  Category: {TRANSPORT=1200.0, ENTERTAINMENT=1200.0}
Nov 05, 2024 9:07:52 PM seedu.budgetbuddy.transaction.budget.BudgetManager addBudget
INFO: Added budget: Total Monthly Budget: 2550.0  Date: 2024-08  Category: {FOOD=750.0, OTHERS=1800.0}
Nov 05, 2024 9:07:52 PM seedu.budgetbuddy.transaction.budget.BudgetManager addBudget
INFO: Added budget: Total Monthly Budget: 3200.0  Date: 2024-11  Category: {FOOD=200.0, ENTERTAINMENT=3000.0}
Nov 05, 2024 9:07:52 PM seedu.budgetbuddy.transaction.budget.BudgetManager addBudget
INFO: Added budget: Total Monthly Budget: 2400.0  Date: 2024-10  Category: {TRANSPORT=1200.0, ENTERTAINMENT=1200.0}
Nov 05, 2024 9:07:52 PM seedu.budgetbuddy.transaction.budget.BudgetManager addBudget
INFO: Added budget: Total Monthly Budget: 2550.0  Date: 2024-08  Category: {FOOD=750.0, OTHERS=1800.0}
Nov 05, 2024 9:07:52 PM seedu.budgetbuddy.transaction.budget.BudgetManager addBudget
INFO: Added budget: Total Monthly Budget: 1700.0  Date: 2024-07  Category: {OTHERS=1700.0}
Nov 05, 2024 9:07:52 PM seedu.budgetbuddy.transaction.budget.BudgetManager addBudget
INFO: Added budget: Total Monthly Budget: 3900.0  Date: 2024-05  Category: {FOOD=1300.0, ENTERTAINMENT=1300.0, OTHERS=1300.0}
Nov 05, 2024 9:07:52 PM seedu.budgetbuddy.transaction.budget.BudgetManager addBudget
INFO: Added budget: Total Monthly Budget: 1300.0  Date: 2023-08  Category: {UTILITIES=700.0, OTHERS=600.0}
Nov 05, 2024 9:07:52 PM seedu.budgetbuddy.transaction.budget.BudgetManager addBudget
INFO: Added budget: Total Monthly Budget: 1700.0  Date: 2023-02  Category: {FOOD=1000.0, OTHERS=700.0}
Nov 05, 2024 9:07:52 PM seedu.budgetbuddy.transaction.budget.BudgetManager addBudget
INFO: Added budget: Total Monthly Budget: 3900.0  Date: 2024-05  Category: {FOOD=1300.0, ENTERTAINMENT=1300.0, OTHERS=1300.0}
Nov 05, 2024 9:07:52 PM seedu.budgetbuddy.transaction.budget.BudgetManager addBudget
INFO: Added budget: Total Monthly Budget: 1300.0  Date: 2023-08  Category: {UTILITIES=700.0, OTHERS=600.0}
Nov 05, 2024 9:07:52 PM seedu.budgetbuddy.transaction.budget.BudgetManager addBudget
INFO: Added budget: Total Monthly Budget: 1700.0  Date: 2023-02  Category: {FOOD=1000.0, OTHERS=700.0}
Nov 05, 2024 9:07:52 PM seedu.budgetbuddy.Storage load
INFO: Data loaded successfully. Expenses: 0, Incomes: 0, Budgets: 0
Nov 05, 2024 9:08:01 PM seedu.budgetbuddy.validators.expense.ListExpenseValidator processCommand
WARNING: Invalid Category. Category found: c/saldkfjsd
Nov 05, 2024 9:08:01 PM seedu.budgetbuddy.Storage save
INFO: Saving data to file: ./data/BudgetBuddy.txt
Nov 05, 2024 9:08:19 PM seedu.budgetbuddy.commands.expense.EditExpenseCommand execute
INFO: Successfully retrieve edit fields
Nov 05, 2024 9:08:19 PM seedu.budgetbuddy.validators.expense.EditExpenseValidator processSecondCommand
WARNING: Invalid category format. Category found: c/invalid
Nov 05, 2024 9:08:19 PM seedu.budgetbuddy.commands.expense.EditExpenseCommand execute
INFO: Successfully edit expense
Nov 05, 2024 9:08:19 PM seedu.budgetbuddy.Storage save
INFO: Saving data to file: ./data/BudgetBuddy.txt
Nov 05, 2024 9:09:20 PM seedu.budgetbuddy.Storage <init>
INFO: Storing ./data/BudgetBuddy.txt
Nov 05, 2024 9:09:20 PM seedu.budgetbuddy.transaction.budget.BudgetManager addBudget
INFO: Added budget: Total Monthly Budget: 3200.0  Date: 2024-11  Category: {FOOD=200.0, ENTERTAINMENT=3000.0}
Nov 05, 2024 9:09:20 PM seedu.budgetbuddy.transaction.budget.BudgetManager addBudget
INFO: Added budget: Total Monthly Budget: 2400.0  Date: 2024-10  Category: {TRANSPORT=1200.0, ENTERTAINMENT=1200.0}
Nov 05, 2024 9:09:20 PM seedu.budgetbuddy.transaction.budget.BudgetManager addBudget
INFO: Added budget: Total Monthly Budget: 2550.0  Date: 2024-08  Category: {FOOD=750.0, OTHERS=1800.0}
Nov 05, 2024 9:09:20 PM seedu.budgetbuddy.transaction.budget.BudgetManager addBudget
INFO: Added budget: Total Monthly Budget: 3200.0  Date: 2024-11  Category: {FOOD=200.0, ENTERTAINMENT=3000.0}
Nov 05, 2024 9:09:20 PM seedu.budgetbuddy.transaction.budget.BudgetManager addBudget
INFO: Added budget: Total Monthly Budget: 2400.0  Date: 2024-10  Category: {TRANSPORT=1200.0, ENTERTAINMENT=1200.0}
Nov 05, 2024 9:09:20 PM seedu.budgetbuddy.transaction.budget.BudgetManager addBudget
INFO: Added budget: Total Monthly Budget: 2550.0  Date: 2024-08  Category: {FOOD=750.0, OTHERS=1800.0}
Nov 05, 2024 9:09:20 PM seedu.budgetbuddy.transaction.budget.BudgetManager addBudget
INFO: Added budget: Total Monthly Budget: 1700.0  Date: 2024-07  Category: {OTHERS=1700.0}
Nov 05, 2024 9:09:20 PM seedu.budgetbuddy.transaction.budget.BudgetManager addBudget
INFO: Added budget: Total Monthly Budget: 3900.0  Date: 2024-05  Category: {FOOD=1300.0, ENTERTAINMENT=1300.0, OTHERS=1300.0}
Nov 05, 2024 9:09:20 PM seedu.budgetbuddy.transaction.budget.BudgetManager addBudget
INFO: Added budget: Total Monthly Budget: 1300.0  Date: 2023-08  Category: {UTILITIES=700.0, OTHERS=600.0}
Nov 05, 2024 9:09:20 PM seedu.budgetbuddy.transaction.budget.BudgetManager addBudget
INFO: Added budget: Total Monthly Budget: 1700.0  Date: 2023-02  Category: {FOOD=1000.0, OTHERS=700.0}
Nov 05, 2024 9:09:20 PM seedu.budgetbuddy.transaction.budget.BudgetManager addBudget
INFO: Added budget: Total Monthly Budget: 3900.0  Date: 2024-05  Category: {FOOD=1300.0, ENTERTAINMENT=1300.0, OTHERS=1300.0}
Nov 05, 2024 9:09:20 PM seedu.budgetbuddy.transaction.budget.BudgetManager addBudget
INFO: Added budget: Total Monthly Budget: 1300.0  Date: 2023-08  Category: {UTILITIES=700.0, OTHERS=600.0}
Nov 05, 2024 9:09:20 PM seedu.budgetbuddy.transaction.budget.BudgetManager addBudget
INFO: Added budget: Total Monthly Budget: 1700.0  Date: 2023-02  Category: {FOOD=1000.0, OTHERS=700.0}
Nov 05, 2024 9:09:20 PM seedu.budgetbuddy.Storage load
INFO: Data loaded successfully. Expenses: 0, Incomes: 0, Budgets: 0
Nov 05, 2024 9:09:36 PM seedu.budgetbuddy.validators.expense.ListExpenseValidator processCommand
WARNING: Invalid Category. Category found: c/invalid
Nov 05, 2024 9:09:36 PM seedu.budgetbuddy.Storage save
INFO: Saving data to file: ./data/BudgetBuddy.txt
Nov 05, 2024 9:09:45 PM seedu.budgetbuddy.commands.expense.EditExpenseCommand execute
INFO: Successfully retrieve edit fields
Nov 05, 2024 9:09:45 PM seedu.budgetbuddy.validators.expense.EditExpenseValidator processSecondCommand
WARNING: Invalid category format. Category found: c/invalid
Nov 05, 2024 9:09:45 PM seedu.budgetbuddy.commands.expense.EditExpenseCommand execute
INFO: Successfully edit expense
Nov 05, 2024 9:09:45 PM seedu.budgetbuddy.Storage save
INFO: Saving data to file: ./data/BudgetBuddy.txt
